[debug] ----------------------------------------------------------------------
[debug] Command:      /usr/local/Cellar/node/7.4.0/bin/node /usr/local/bin/firebase serve
[debug] CLI Version:  3.6.1
[debug] Platform:     darwin
[debug] Node Version: v7.4.0
[debug] Time:         Fri Jun 02 2017 21:01:55 GMT-0400 (EDT)
[debug] ----------------------------------------------------------------------
[debug] 
[debug] > command requires scopes: ["email","openid","https://www.googleapis.com/auth/cloudplatformprojects.readonly","https://www.googleapis.com/auth/firebase","https://www.googleapis.com/auth/cloud-platform"]
[debug] >>> HTTP REQUEST GET https://admin.firebase.com/v1/projects/acromancer-8c495  
 Fri Jun 02 2017 21:01:55 GMT-0400 (EDT)
[debug] <<< HTTP RESPONSE 200
[debug] >>> HTTP REQUEST GET https://admin.firebase.com/v1/database/acromancer-8c495/tokens  
 Fri Jun 02 2017 21:01:56 GMT-0400 (EDT)
[debug] <<< HTTP RESPONSE 200
[info] Starting Firebase development server...
[info] 
[info] Project Directory: /Users/ORW6984/Documents/Projects/acromancer
[debug] >>> HTTP REQUEST GET https://cloudresourcemanager.googleapis.com/v1/projects/acromancer-8c495  
 Fri Jun 02 2017 21:01:57 GMT-0400 (EDT)
[debug] <<< HTTP RESPONSE 200
[debug] >>> HTTP REQUEST GET https://mobilesdk-pa.googleapis.com/v1/projects/289103746033/clients/_:getWebAppConfig  
 Fri Jun 02 2017 21:01:57 GMT-0400 (EDT)
[debug] <<< HTTP RESPONSE 200
[info] Public Directory: app
[info] 
[info] Server listening at: http://localhost:5000
